<?xml version="1.0" encoding="UTF-8"?>
<!-- Generated by org.testng.reporters.JUnitXMLReporter -->
<testsuite hostname="DESKTOP-9DK63RU" ignored="3" name="DeleteAllSmartCardsCH" tests="1" failures="1" timestamp="18 Jan 2019 05:36:25 GMT" time="33.317" errors="0">
  <testcase name="deleteSmartCardTestAll" time="27.442" classname="com.edcast.portnov.smartcardtests.SmartCardTest">
    <failure type="org.openqa.selenium.WebDriverException" message="unknown error: Element &amp;lt;div class=&amp;quot;insight-dropdown&amp;quot; style=&amp;quot;display: inline-block; position: relative;&amp;quot;&amp;gt;...&amp;lt;/div&amp;gt; is not clickable at point (666, 590). Other element would receive the click: &amp;lt;div data-reactroot=&amp;quot;&amp;quot; class=&amp;quot; modal&amp;quot; style=&amp;quot;position: fixed; box-sizing: border-box; -webkit-tap-highlight-color: rgba(0, 0, 0, 0); z-index: 1502; top: 0px; left: -10000px; width: 100%; height: 100%; transition: left 0ms cubic-bezier(0.23, 1, 0.32, 1) 450ms; display: flex; align-items: center; justify-content: center; padding-top: 0px;&amp;quot;&amp;gt;...&amp;lt;/div&amp;gt;
  (Session info: chrome=71.0.3578.98)
  (Driver info: chromedriver=2.44.609538 (b655c5a60b0b544917107a59d4153d4bf78e1b90),platform=Windows NT 10.0.17134 x86_64) (WARNING: The server did not provide any stacktrace information)
Command duration or timeout: 0 milliseconds
Build info: version: &amp;apos;3.141.59&amp;apos;, revision: &amp;apos;e82be7d358&amp;apos;, time: &amp;apos;2018-11-14T08:25:53&amp;apos;
System info: host: &amp;apos;DESKTOP-9DK63RU&amp;apos;, ip: &amp;apos;192.168.0.14&amp;apos;, os.name: &amp;apos;Windows 10&amp;apos;, os.arch: &amp;apos;amd64&amp;apos;, os.version: &amp;apos;10.0&amp;apos;, java.version: &amp;apos;1.8.0_191&amp;apos;
Driver info: org.openqa.selenium.chrome.ChromeDriver
Capabilities {acceptInsecureCerts: false, acceptSslCerts: false, applicationCacheEnabled: false, browserConnectionEnabled: false, browserName: chrome, chrome: {chromedriverVersion: 2.44.609538 (b655c5a60b0b54..., userDataDir: C:\Users\valde\AppData\Loca...}, cssSelectorsEnabled: true, databaseEnabled: false, goog:chromeOptions: {debuggerAddress: localhost:53060}, handlesAlerts: true, hasTouchScreen: false, javascriptEnabled: true, locationContextEnabled: true, mobileEmulationEnabled: false, nativeEvents: true, networkConnectionEnabled: false, pageLoadStrategy: normal, platform: XP, platformName: XP, rotatable: false, setWindowRect: true, takesHeapSnapshot: true, takesScreenshot: true, unexpectedAlertBehaviour: ignore, unhandledPromptBehavior: ignore, version: 71.0.3578.98, webStorageEnabled: true}
Session ID: 9c5d09349410b39f45a424260351abc0">
      <![CDATA[org.openqa.selenium.WebDriverException: unknown error: Element <div class="insight-dropdown" style="display: inline-block; position: relative;">...</div> is not clickable at point (666, 590). Other element would receive the click: <div data-reactroot="" class=" modal" style="position: fixed; box-sizing: border-box; -webkit-tap-highlight-color: rgba(0, 0, 0, 0); z-index: 1502; top: 0px; left: -10000px; width: 100%; height: 100%; transition: left 0ms cubic-bezier(0.23, 1, 0.32, 1) 450ms; display: flex; align-items: center; justify-content: center; padding-top: 0px;">...</div>
  (Session info: chrome=71.0.3578.98)
  (Driver info: chromedriver=2.44.609538 (b655c5a60b0b544917107a59d4153d4bf78e1b90),platform=Windows NT 10.0.17134 x86_64) (WARNING: The server did not provide any stacktrace information)
Command duration or timeout: 0 milliseconds
Build info: version: '3.141.59', revision: 'e82be7d358', time: '2018-11-14T08:25:53'
System info: host: 'DESKTOP-9DK63RU', ip: '192.168.0.14', os.name: 'Windows 10', os.arch: 'amd64', os.version: '10.0', java.version: '1.8.0_191'
Driver info: org.openqa.selenium.chrome.ChromeDriver
Capabilities {acceptInsecureCerts: false, acceptSslCerts: false, applicationCacheEnabled: false, browserConnectionEnabled: false, browserName: chrome, chrome: {chromedriverVersion: 2.44.609538 (b655c5a60b0b54..., userDataDir: C:\Users\valde\AppData\Loca...}, cssSelectorsEnabled: true, databaseEnabled: false, goog:chromeOptions: {debuggerAddress: localhost:53060}, handlesAlerts: true, hasTouchScreen: false, javascriptEnabled: true, locationContextEnabled: true, mobileEmulationEnabled: false, nativeEvents: true, networkConnectionEnabled: false, pageLoadStrategy: normal, platform: XP, platformName: XP, rotatable: false, setWindowRect: true, takesHeapSnapshot: true, takesScreenshot: true, unexpectedAlertBehaviour: ignore, unhandledPromptBehavior: ignore, version: 71.0.3578.98, webStorageEnabled: true}
Session ID: 9c5d09349410b39f45a424260351abc0
at org.openqa.selenium.remote.ErrorHandler.createThrowable(ErrorHandler.java:214)
at org.openqa.selenium.remote.ErrorHandler.throwIfResponseFailed(ErrorHandler.java:166)
at org.openqa.selenium.remote.http.JsonHttpResponseCodec.reconstructValue(JsonHttpResponseCodec.java:40)
at org.openqa.selenium.remote.http.AbstractHttpResponseCodec.decode(AbstractHttpResponseCodec.java:80)
at org.openqa.selenium.remote.http.AbstractHttpResponseCodec.decode(AbstractHttpResponseCodec.java:44)
at org.openqa.selenium.remote.HttpCommandExecutor.execute(HttpCommandExecutor.java:158)
at org.openqa.selenium.remote.service.DriverCommandExecutor.execute(DriverCommandExecutor.java:83)
at org.openqa.selenium.remote.RemoteWebDriver.execute(RemoteWebDriver.java:552)
at org.openqa.selenium.remote.RemoteWebElement.execute(RemoteWebElement.java:285)
at org.openqa.selenium.remote.RemoteWebElement.click(RemoteWebElement.java:84)
at com.edcast.portnov.pages.BasePageObject.click(BasePageObject.java:37)
at com.edcast.portnov.pages.MyContentPage.deleteSmartCardTestAll(MyContentPage.java:45)
at com.edcast.portnov.smartcardtests.SmartCardTest.deleteSmartCardTestAll(SmartCardTest.java:119)
at java.util.concurrent.FutureTask.run(FutureTask.java:266)
at java.util.concurrent.ThreadPoolExecutor.runWorker(ThreadPoolExecutor.java:1149)
at java.util.concurrent.ThreadPoolExecutor$Worker.run(ThreadPoolExecutor.java:624)
at java.lang.Thread.run(Thread.java:748)
... Removed 20 stack frames]]>
    </failure>
  </testcase> <!-- deleteSmartCardTestAll -->
  <testcase name="createSmartCardLink" time="0.0" classname="com.edcast.portnov.smartcardtests.SmartCardTest">
    <ignored/>
  </testcase> <!-- createSmartCardLink -->
  <testcase name="deleteSmartCardTest" time="0.0" classname="com.edcast.portnov.smartcardtests.SmartCardTest">
    <ignored/>
  </testcase> <!-- deleteSmartCardTest -->
  <testcase name="createSmartCardPoll" time="0.0" classname="com.edcast.portnov.smartcardtests.SmartCardTest">
    <ignored/>
  </testcase> <!-- createSmartCardPoll -->
</testsuite> <!-- DeleteAllSmartCardsCH -->
